[2026-05-09T15:17:31.905Z] ========== Round 1 START ==========
[2026-05-09T15:17:31.906Z] BASE_URL=http://localhost:3000, HEADLESS=true, MOBILE=1
[2026-05-09T15:17:36.096Z] [home] Starting test...
[2026-05-09T15:17:46.931Z] [home] Completed: title="海外华人的常用工具箱", popularTools=true, coreCards=3
[2026-05-09T15:17:46.931Z] [tracking] Starting test...
[2026-05-09T15:17:49.295Z] [tracking] Completed: hasResults=true, analytics=0
[2026-05-09T15:17:49.295Z] [shipping-calculator] Starting test...
[2026-05-09T15:17:50.329Z] [shipping-calculator] Completed
[2026-05-09T15:17:50.329Z] [hs-code] Starting test...
[2026-05-09T15:17:54.794Z] [hs-code] Completed: searches=5, analytics=0
[2026-05-09T15:17:54.795Z] [postal-code] Starting test...
[2026-05-09T15:17:59.504Z] [postal-code] Completed
[2026-05-09T15:17:59.506Z] [exchange-rate] Starting test...
[2026-05-09T15:18:01.173Z] [exchange-rate] Completed: disclaimer=true, analytics=0
[2026-05-09T15:18:01.174Z] [memo] Starting test...
[2026-05-09T15:18:11.526Z] ERROR in round 1: c is not defined
[2026-05-09T15:18:11.629Z] Report saved: round-1.md, round-1.json
[2026-05-09T15:18:11.629Z] Screenshots: /Users/chq/projects/xixiong-saas/reports/browser-qa/2026-05-09/screenshots/
[2026-05-09T15:18:38.196Z] ========== Round 2 START ==========
[2026-05-09T15:18:38.196Z] BASE_URL=http://localhost:3000, HEADLESS=true, MOBILE=1
[2026-05-09T15:18:38.314Z] [home] Starting test...
[2026-05-09T15:18:50.482Z] [home] Completed: title="海外华人的常用工具箱", popularTools=true, coreCards=3
[2026-05-09T15:18:50.483Z] [tracking] Starting test...
[2026-05-09T15:18:52.263Z] [tracking] Completed: hasResults=true, analytics=0
[2026-05-09T15:18:52.263Z] [shipping-calculator] Starting test...
[2026-05-09T15:18:53.219Z] [shipping-calculator] Completed
[2026-05-09T15:18:53.220Z] [hs-code] Starting test...
[2026-05-09T15:18:57.681Z] [hs-code] Completed: searches=5, analytics=0
[2026-05-09T15:18:57.684Z] [postal-code] Starting test...
[2026-05-09T15:19:02.421Z] [postal-code] Completed
[2026-05-09T15:19:02.423Z] [exchange-rate] Starting test...
[2026-05-09T15:19:04.104Z] [exchange-rate] Completed: disclaimer=true, analytics=0
[2026-05-09T15:19:04.106Z] [memo] Starting test...
[2026-05-09T15:19:16.499Z] [memo] Completed: analytics=0
[2026-05-09T15:19:16.501Z] [resources] Starting test...
[2026-05-09T15:19:18.139Z] [resources] Completed: categories=4, analytics=0
[2026-05-09T15:19:18.139Z] [guides] Starting test...
[2026-05-09T15:19:26.044Z] [guides] Completed
[2026-05-09T15:19:26.044Z] [api-stats] Starting test...
[2026-05-09T15:19:26.083Z] [rate-limit] Starting test...
[2026-05-09T15:19:36.315Z] [rate-limit] Rate limiting not triggered (25 requests)
[2026-05-09T15:19:36.315Z] ========== Round 2 COMPLETED ==========
[2026-05-09T15:19:36.350Z] Report saved: round-2.md, round-2.json
[2026-05-09T15:19:36.350Z] Screenshots: /Users/chq/projects/xixiong-saas/reports/browser-qa/2026-05-09/screenshots/
[2026-05-09T15:22:55.229Z] ========== Round 3 START ==========
[2026-05-09T15:22:55.230Z] BASE_URL=http://localhost:3000, HEADLESS=true, MOBILE=1
[2026-05-09T15:22:55.579Z] [home] Starting test...
[2026-05-09T15:23:07.291Z] [home] Completed: title="海外华人的常用工具箱", popularTools=true, coreCards=3
[2026-05-09T15:23:07.292Z] [tracking] Starting test...
[2026-05-09T15:23:09.179Z] [tracking] Completed: hasResults=true, analytics=0
[2026-05-09T15:23:09.180Z] [shipping-calculator] Starting test...
[2026-05-09T15:23:10.223Z] [shipping-calculator] Completed
[2026-05-09T15:23:10.223Z] [hs-code] Starting test...
[2026-05-09T15:23:15.100Z] [hs-code] Completed: searches=5, analytics=0
[2026-05-09T15:23:15.102Z] [postal-code] Starting test...
[2026-05-09T15:23:20.217Z] [postal-code] Completed
[2026-05-09T15:23:20.219Z] [exchange-rate] Starting test...
[2026-05-09T15:23:21.978Z] [exchange-rate] Completed: disclaimer=true, analytics=0
[2026-05-09T15:23:21.981Z] [memo] Starting test...
[2026-05-09T15:23:34.479Z] [memo] Completed: analytics=0
[2026-05-09T15:23:34.480Z] [resources] Starting test...
[2026-05-09T15:23:36.226Z] [resources] Completed: categories=4, analytics=0
[2026-05-09T15:23:36.226Z] [guides] Starting test...
[2026-05-09T15:23:42.320Z] [guides] Completed
[2026-05-09T15:23:42.320Z] [api-stats] Starting test...
[2026-05-09T15:23:42.403Z] [rate-limit] Starting test...
[2026-05-09T15:23:48.932Z] [rate-limit] Rate limited at request #21
[2026-05-09T15:23:48.932Z] [rate-limit] Rate limiting works
[2026-05-09T15:23:48.932Z] ========== Round 3 COMPLETED ==========
[2026-05-09T15:23:48.979Z] Report saved: round-3.md, round-3.json
[2026-05-09T15:23:48.979Z] Screenshots: /Users/chq/projects/xixiong-saas/reports/browser-qa/2026-05-09/screenshots/
[2026-05-09T15:24:57.896Z] ========== Round 4 START ==========
[2026-05-09T15:24:57.897Z] BASE_URL=http://localhost:3000, HEADLESS=true, MOBILE=1
[2026-05-09T15:24:58.208Z] [home] Starting test...
[2026-05-09T15:25:13.527Z] [home] Completed: title="海外华人的常用工具箱", popularTools=true, coreCards=3
[2026-05-09T15:25:13.527Z] [tracking] Starting test...
[2026-05-09T15:25:15.570Z] [tracking] Completed: hasResults=true, analytics=0
[2026-05-09T15:25:15.570Z] [shipping-calculator] Starting test...
[2026-05-09T15:25:16.613Z] [shipping-calculator] Completed
[2026-05-09T15:25:16.613Z] [hs-code] Starting test...
[2026-05-09T15:25:21.531Z] [hs-code] Completed: searches=5, analytics=0
[2026-05-09T15:25:21.532Z] [postal-code] Starting test...
[2026-05-09T15:25:27.227Z] [postal-code] Completed
[2026-05-09T15:25:27.231Z] [exchange-rate] Starting test...
[2026-05-09T15:25:29.042Z] [exchange-rate] Completed: disclaimer=true, analytics=0
[2026-05-09T15:25:29.044Z] [memo] Starting test...
[2026-05-09T15:25:41.516Z] [memo] Completed: analytics=0
[2026-05-09T15:25:41.519Z] [resources] Starting test...
[2026-05-09T15:25:43.211Z] [resources] Completed: categories=4, analytics=0
[2026-05-09T15:25:43.213Z] [guides] Starting test...
[2026-05-09T15:25:49.090Z] [guides] Completed
[2026-05-09T15:25:49.091Z] [api-stats] Starting test...
[2026-05-09T15:25:49.139Z] [rate-limit] Starting test...
[2026-05-09T15:25:55.806Z] [rate-limit] Rate limited at request #23
[2026-05-09T15:25:55.806Z] [rate-limit] Rate limiting works
[2026-05-09T15:25:55.807Z] ========== Round 4 COMPLETED ==========
[2026-05-09T15:25:55.851Z] Report saved: round-4.md, round-4.json
[2026-05-09T15:25:55.851Z] Screenshots: /Users/chq/projects/xixiong-saas/reports/browser-qa/2026-05-09/screenshots/
[2026-05-09T15:26:59.738Z] ========== Round 5 START ==========
[2026-05-09T15:26:59.738Z] BASE_URL=http://localhost:3000, HEADLESS=true, MOBILE=1
[2026-05-09T15:27:00.073Z] [home] Starting test...
[2026-05-09T15:27:12.589Z] [home] Completed: title="海外华人的常用工具箱", popularTools=true, coreCards=3
[2026-05-09T15:27:12.590Z] [tracking] Starting test...
[2026-05-09T15:27:14.517Z] [tracking] Completed: hasResults=true, analytics=0
[2026-05-09T15:27:14.517Z] [shipping-calculator] Starting test...
[2026-05-09T15:27:15.585Z] [shipping-calculator] Completed
[2026-05-09T15:27:15.586Z] [hs-code] Starting test...
[2026-05-09T15:27:20.565Z] [hs-code] Completed: searches=5, analytics=0
[2026-05-09T15:27:20.567Z] [postal-code] Starting test...
[2026-05-09T15:27:25.722Z] [postal-code] Completed
[2026-05-09T15:27:25.724Z] [exchange-rate] Starting test...
[2026-05-09T15:27:27.476Z] [exchange-rate] Completed: disclaimer=true, analytics=0
[2026-05-09T15:27:27.478Z] [memo] Starting test...
[2026-05-09T15:27:40.012Z] [memo] Completed: analytics=0
[2026-05-09T15:27:40.014Z] [resources] Starting test...
[2026-05-09T15:27:41.741Z] [resources] Completed: categories=4, analytics=0
[2026-05-09T15:27:41.742Z] [guides] Starting test...
[2026-05-09T15:27:47.789Z] [guides] Completed
[2026-05-09T15:27:47.790Z] [api-stats] Starting test...
[2026-05-09T15:27:47.864Z] [rate-limit] Starting test...
[2026-05-09T15:27:54.388Z] [rate-limit] Rate limited at request #22
[2026-05-09T15:27:54.388Z] [rate-limit] Rate limiting works
[2026-05-09T15:27:54.389Z] ========== Round 5 COMPLETED ==========
[2026-05-09T15:27:54.420Z] Report saved: round-5.md, round-5.json
[2026-05-09T15:27:54.420Z] Screenshots: /Users/chq/projects/xixiong-saas/reports/browser-qa/2026-05-09/screenshots/
[2026-05-09T15:28:31.910Z] ========== Round 6 START ==========
[2026-05-09T15:28:31.911Z] BASE_URL=http://localhost:3000, HEADLESS=true, MOBILE=1
[2026-05-09T15:28:32.259Z] [home] Starting test...
[2026-05-09T15:28:47.601Z] [home] Completed: title="海外华人的常用工具箱", popularTools=true, coreCards=3
[2026-05-09T15:28:47.603Z] [tracking] Starting test...
[2026-05-09T15:28:49.602Z] [tracking] Completed: hasResults=true, analytics=1
[2026-05-09T15:28:49.603Z] [shipping-calculator] Starting test...
[2026-05-09T15:28:50.646Z] [shipping-calculator] Completed
[2026-05-09T15:28:50.647Z] [hs-code] Starting test...
[2026-05-09T15:28:55.550Z] [hs-code] Completed: searches=5, analytics=5
[2026-05-09T15:28:55.551Z] [postal-code] Starting test...
[2026-05-09T15:29:00.766Z] [postal-code] Completed
[2026-05-09T15:29:00.768Z] [exchange-rate] Starting test...
[2026-05-09T15:29:02.735Z] [exchange-rate] Completed: disclaimer=true, analytics=1
[2026-05-09T15:29:02.737Z] [memo] Starting test...
[2026-05-09T15:29:15.240Z] [memo] Completed: analytics=2
[2026-05-09T15:29:15.241Z] [resources] Starting test...
[2026-05-09T15:29:16.951Z] [resources] Completed: categories=4, analytics=0
[2026-05-09T15:29:16.951Z] [guides] Starting test...
[2026-05-09T15:29:22.822Z] [guides] Completed
[2026-05-09T15:29:22.823Z] [api-stats] Starting test...
[2026-05-09T15:29:22.873Z] [rate-limit] Starting test...
[2026-05-09T15:29:28.084Z] [rate-limit] Rate limited at request #23
[2026-05-09T15:29:28.085Z] [rate-limit] Rate limiting works
[2026-05-09T15:29:28.085Z] ========== Round 6 COMPLETED ==========
[2026-05-09T15:29:28.127Z] Report saved: round-6.md, round-6.json
[2026-05-09T15:29:28.127Z] Screenshots: /Users/chq/projects/xixiong-saas/reports/browser-qa/2026-05-09/screenshots/
[2026-05-09T15:30:34.192Z] ========== Round 7 START ==========
[2026-05-09T15:30:34.193Z] BASE_URL=http://localhost:3000, HEADLESS=true, MOBILE=1
[2026-05-09T15:30:34.321Z] [home] Starting test...
[2026-05-09T15:30:49.907Z] [home] Completed: title="海外华人的常用工具箱", popularTools=true, coreCards=3
[2026-05-09T15:30:49.908Z] [tracking] Starting test...
[2026-05-09T15:30:52.419Z] [tracking] Completed: hasResults=true, analytics=1
[2026-05-09T15:30:52.419Z] [shipping-calculator] Starting test...
[2026-05-09T15:30:53.605Z] [shipping-calculator] Completed
[2026-05-09T15:30:53.608Z] [hs-code] Starting test...
[2026-05-09T15:31:00.472Z] [hs-code] Completed: searches=5, analytics=5
[2026-05-09T15:31:00.475Z] [postal-code] Starting test...
[2026-05-09T15:31:05.725Z] [postal-code] Completed
[2026-05-09T15:31:05.727Z] [exchange-rate] Starting test...
[2026-05-09T15:31:07.935Z] [exchange-rate] Completed: disclaimer=true, analytics=1
[2026-05-09T15:31:07.940Z] [memo] Starting test...
[2026-05-09T15:31:21.036Z] [memo] Completed: analytics=2
[2026-05-09T15:31:21.037Z] [resources] Starting test...
[2026-05-09T15:31:24.256Z] [resources] Completed: categories=4, analytics=0
[2026-05-09T15:31:24.257Z] [guides] Starting test...
[2026-05-09T15:31:30.683Z] [guides] Completed
[2026-05-09T15:31:30.684Z] [api-stats] Starting test...
[2026-05-09T15:31:30.726Z] [rate-limit] Starting test...
[2026-05-09T15:31:37.377Z] [rate-limit] Rate limited at request #20
[2026-05-09T15:31:37.378Z] [rate-limit] Rate limiting works
[2026-05-09T15:31:37.378Z] ========== Round 7 COMPLETED ==========
[2026-05-09T15:31:37.411Z] Report saved: round-7.md, round-7.json
[2026-05-09T15:31:37.411Z] Screenshots: /Users/chq/projects/xixiong-saas/reports/browser-qa/2026-05-09/screenshots/
[2026-05-09T15:34:20.311Z] ========== Round 8 START ==========
[2026-05-09T15:34:20.311Z] BASE_URL=http://localhost:3000, HEADLESS=true, MOBILE=1
[2026-05-09T15:34:20.461Z] [home] Starting test...
[2026-05-09T15:34:31.916Z] [home] Completed: title="海外华人的常用工具箱", popularTools=true, coreCards=3
[2026-05-09T15:34:31.917Z] [tracking] Starting test...
[2026-05-09T15:34:34.395Z] [tracking] Completed: hasResults=true, analytics=1
[2026-05-09T15:34:34.396Z] [shipping-calculator] Starting test...
[2026-05-09T15:34:35.565Z] [shipping-calculator] Completed
[2026-05-09T15:34:35.566Z] [hs-code] Starting test...
[2026-05-09T15:34:42.417Z] [hs-code] Completed: searches=5, analytics=5
[2026-05-09T15:34:42.419Z] [postal-code] Starting test...
[2026-05-09T15:34:47.551Z] [postal-code] Completed
[2026-05-09T15:34:47.553Z] [exchange-rate] Starting test...
[2026-05-09T15:34:49.726Z] [exchange-rate] Completed: disclaimer=true, analytics=1
[2026-05-09T15:34:49.728Z] [memo] Starting test...
[2026-05-09T15:35:02.821Z] [memo] Completed: analytics=2
[2026-05-09T15:35:02.822Z] [resources] Starting test...
[2026-05-09T15:35:09.145Z] [resources] Completed: categories=4, analytics=0
[2026-05-09T15:35:09.150Z] [guides] Starting test...
[2026-05-09T15:35:15.467Z] [guides] Completed
[2026-05-09T15:35:15.468Z] [api-stats] Starting test...
[2026-05-09T15:35:15.518Z] [rate-limit] Starting test...
[2026-05-09T15:35:22.221Z] [rate-limit] Rate limited at request #20
[2026-05-09T15:35:22.222Z] [rate-limit] Rate limiting works
[2026-05-09T15:35:22.222Z] ========== Round 8 COMPLETED ==========
[2026-05-09T15:35:22.252Z] Report saved: round-8.md, round-8.json
[2026-05-09T15:35:22.252Z] Screenshots: /Users/chq/projects/xixiong-saas/reports/browser-qa/2026-05-09/screenshots/
[2026-05-09T15:40:52.125Z] ========== Round 9 START ==========
[2026-05-09T15:40:52.126Z] BASE_URL=http://localhost:3000, HEADLESS=true, MOBILE=1
[2026-05-09T15:40:52.454Z] [home] Starting test...
[2026-05-09T15:41:08.274Z] [home] Completed: title="海外华人的常用工具箱", popularTools=true, coreCards=3
[2026-05-09T15:41:08.275Z] [tracking] Starting test...
[2026-05-09T15:41:10.691Z] [tracking] Completed: hasResults=true, analytics=1
[2026-05-09T15:41:10.692Z] [shipping-calculator] Starting test...
[2026-05-09T15:41:11.918Z] [shipping-calculator] Completed
[2026-05-09T15:41:11.921Z] [hs-code] Starting test...
[2026-05-09T15:41:18.924Z] [hs-code] Completed: searches=5, analytics=5
[2026-05-09T15:41:18.927Z] [postal-code] Starting test...
[2026-05-09T15:41:24.032Z] [postal-code] Completed
[2026-05-09T15:41:24.034Z] [exchange-rate] Starting test...
[2026-05-09T15:41:26.331Z] [exchange-rate] Completed: disclaimer=true, analytics=1
[2026-05-09T15:41:26.332Z] [memo] Starting test...
[2026-05-09T15:41:39.411Z] [memo] Completed: analytics=2
[2026-05-09T15:41:39.413Z] [resources] Starting test...
[2026-05-09T15:41:45.773Z] [resources] Completed: categories=4, analytics=0
[2026-05-09T15:41:45.776Z] [guides] Starting test...
[2026-05-09T15:41:51.712Z] [guides] Completed
[2026-05-09T15:41:51.712Z] [api-stats] Starting test...
[2026-05-09T15:41:51.791Z] [rate-limit] Starting test...
[2026-05-09T15:41:56.315Z] [rate-limit] Rate limited at request #20
[2026-05-09T15:41:56.316Z] [rate-limit] Rate limiting works
[2026-05-09T15:41:56.316Z] ========== Round 9 COMPLETED ==========
[2026-05-09T15:41:56.361Z] Report saved: round-9.md, round-9.json
[2026-05-09T15:41:56.361Z] Screenshots: /Users/chq/projects/xixiong-saas/reports/browser-qa/2026-05-09/screenshots/
[2026-05-09T15:50:05.845Z] ========== Round 10 START ==========
[2026-05-09T15:50:05.846Z] BASE_URL=http://localhost:3000, HEADLESS=true, MOBILE=1
[2026-05-09T15:50:06.178Z] [home] Starting test...
[2026-05-09T15:50:21.752Z] [home] Completed: title="海外华人的常用工具箱", popularTools=true, coreCards=3
[2026-05-09T15:50:21.753Z] [tracking] Starting test...
[2026-05-09T15:50:24.177Z] [tracking] Completed: hasResults=true, analytics=1
[2026-05-09T15:50:24.177Z] [shipping-calculator] Starting test...
[2026-05-09T15:50:25.373Z] [shipping-calculator] Completed
[2026-05-09T15:50:25.374Z] [hs-code] Starting test...
[2026-05-09T15:50:32.210Z] [hs-code] Completed: searches=5, analytics=5
[2026-05-09T15:50:32.212Z] [postal-code] Starting test...
[2026-05-09T15:50:37.460Z] [postal-code] Completed
[2026-05-09T15:50:37.462Z] [exchange-rate] Starting test...
[2026-05-09T15:50:39.724Z] [exchange-rate] Completed: disclaimer=true, analytics=1
[2026-05-09T15:50:39.725Z] [memo] Starting test...
[2026-05-09T15:50:52.852Z] [memo] Completed: analytics=2
[2026-05-09T15:50:52.854Z] [resources] Starting test...
[2026-05-09T15:50:54.557Z] [resources] Completed: categories=4, analytics=0
[2026-05-09T15:50:54.558Z] [guides] Starting test...
[2026-05-09T15:51:00.858Z] [guides] Completed
[2026-05-09T15:51:00.859Z] [api-stats] Starting test...
[2026-05-09T15:51:02.218Z] [api-stats] API accessible: 359 total events
[2026-05-09T15:51:02.219Z] [rate-limit] Starting test...
[2026-05-09T15:51:08.753Z] [rate-limit] Rate limited at request #21
[2026-05-09T15:51:08.754Z] [rate-limit] Rate limiting works
[2026-05-09T15:51:08.754Z] ========== Round 10 COMPLETED ==========
[2026-05-09T15:51:08.790Z] Report saved: round-10.md, round-10.json
[2026-05-09T15:51:08.790Z] Screenshots: /Users/chq/projects/xixiong-saas/reports/browser-qa/2026-05-09/screenshots/
