[2026-05-11T16:54:35.548Z] ========== Round 701 START ==========
[2026-05-11T16:54:35.549Z] BASE_URL=http://localhost:3000, HEADLESS=true, MOBILE=1
[2026-05-11T16:54:35.890Z] [home] Starting test...
[2026-05-11T16:54:48.385Z] [home] Completed: title="海外华人的常用工具箱", popularTools=true, coreCards=3
[2026-05-11T16:54:48.385Z] [tracking] Starting test...
[2026-05-11T16:54:50.220Z] [tracking] Completed: hasResults=true, analytics=1
[2026-05-11T16:54:50.221Z] [shipping-calculator] Starting test...
[2026-05-11T16:54:51.166Z] [shipping-calculator] Completed
[2026-05-11T16:54:51.171Z] [hs-code] Starting test...
[2026-05-11T16:54:57.762Z] [hs-code] CSV download: hs-codes-2026-05-11.csv
[2026-05-11T16:54:57.764Z] [hs-code] Completed: searches=5, analytics=6
[2026-05-11T16:54:57.764Z] [postal-code] Starting test...
[2026-05-11T16:55:02.490Z] [postal-code] Completed
[2026-05-11T16:55:02.490Z] [exchange-rate] Starting test...
[2026-05-11T16:55:06.586Z] [exchange-rate] History chart: data shown
[2026-05-11T16:55:06.586Z] [exchange-rate] Proxy API /api/exchange-rate/history called ✓
[2026-05-11T16:55:06.588Z] [exchange-rate] Completed: disclaimer=true, analytics=1
[2026-05-11T16:55:06.588Z] [starter] Starting test...
[2026-05-11T16:55:06.712Z] [starter] Completed: title="外网新手资源清单", links=32
[2026-05-11T16:55:06.713Z] [memo] Starting test...
[2026-05-11T16:55:09.915Z] [memo] Completed: analytics=2
[2026-05-11T16:55:09.916Z] [resources] Starting test...
[2026-05-11T16:55:14.677Z] [resources] Completed: categories=4, analytics=0
[2026-05-11T16:55:14.678Z] [guides] Starting test...
[2026-05-11T16:55:18.994Z] [guides] Completed
[2026-05-11T16:55:18.995Z] [documents] Starting test...
[2026-05-11T16:55:23.970Z] [documents] Completed: core docs checked
[2026-05-11T16:55:23.971Z] [api-stats] Starting test...
[2026-05-11T16:55:24.000Z] [api-stats] Stats protected (403)
[2026-05-11T16:55:24.000Z] [rate-limit] Starting test...
[2026-05-11T16:55:29.922Z] [rate-limit] Rate limited at request #21
[2026-05-11T16:55:29.923Z] [rate-limit] Rate limiting works
[2026-05-11T16:55:29.924Z] ========== Round 701 COMPLETED ==========
[2026-05-11T16:55:29.974Z] Report saved: round-701.md, round-701.json
[2026-05-11T16:55:29.974Z] Screenshots: /Users/chq/projects/xixiong-saas/reports/browser-qa/2026-05-11/screenshots/
[2026-05-11T16:59:46.041Z] ========== Round 701 START ==========
[2026-05-11T16:59:46.042Z] BASE_URL=http://localhost:3000, HEADLESS=true, MOBILE=1
[2026-05-11T16:59:46.364Z] [home] Starting test...
[2026-05-11T16:59:58.810Z] [home] Completed: title="海外华人的常用工具箱", popularTools=true, coreCards=3
[2026-05-11T16:59:58.811Z] [tracking] Starting test...
[2026-05-11T17:00:00.694Z] [tracking] Completed: hasResults=true, analytics=1
[2026-05-11T17:00:00.694Z] [shipping-calculator] Starting test...
[2026-05-11T17:00:01.672Z] [shipping-calculator] Completed
[2026-05-11T17:00:01.674Z] [hs-code] Starting test...
[2026-05-11T17:00:08.261Z] [hs-code] CSV download: hs-codes-2026-05-11.csv
[2026-05-11T17:00:08.263Z] [hs-code] Completed: searches=5, analytics=6
[2026-05-11T17:00:08.264Z] [postal-code] Starting test...
[2026-05-11T17:00:12.973Z] [postal-code] Completed
[2026-05-11T17:00:12.974Z] [exchange-rate] Starting test...
[2026-05-11T17:00:16.996Z] [exchange-rate] History chart: data shown
[2026-05-11T17:00:16.997Z] [exchange-rate] Proxy API /api/exchange-rate/history called ✓
[2026-05-11T17:00:17.000Z] [exchange-rate] Completed: disclaimer=true, analytics=1
[2026-05-11T17:00:17.001Z] [starter] Starting test...
[2026-05-11T17:00:17.131Z] [starter] Completed: title="外网新手资源清单", links=32
[2026-05-11T17:00:17.132Z] [memo] Starting test...
[2026-05-11T17:00:20.360Z] [memo] Completed: analytics=2
[2026-05-11T17:00:20.362Z] [resources] Starting test...
[2026-05-11T17:00:25.180Z] [resources] Completed: categories=4, analytics=0
[2026-05-11T17:00:25.182Z] [guides] Starting test...
[2026-05-11T17:00:29.464Z] [guides] Completed
[2026-05-11T17:00:29.465Z] [documents] Starting test...
[2026-05-11T17:00:34.460Z] [documents] Completed: core docs checked
[2026-05-11T17:00:34.461Z] [api-stats] Starting test...
[2026-05-11T17:00:34.479Z] [api-stats] Stats protected (403)
[2026-05-11T17:00:34.480Z] [rate-limit] Starting test...
[2026-05-11T17:00:39.230Z] [rate-limit] Rate limited at request #21
[2026-05-11T17:00:39.230Z] [rate-limit] Rate limiting works
[2026-05-11T17:00:39.231Z] ========== Round 701 COMPLETED ==========
[2026-05-11T17:00:39.265Z] Report saved: round-701.md, round-701.json
[2026-05-11T17:00:39.265Z] Screenshots: /Users/chq/projects/xixiong-saas/reports/browser-qa/2026-05-11/screenshots/
[2026-05-11T17:05:45.010Z] ========== Round 702 START ==========
[2026-05-11T17:05:45.010Z] BASE_URL=http://localhost:3000, HEADLESS=true, MOBILE=1
[2026-05-11T17:05:45.336Z] [home] Starting test...
[2026-05-11T17:05:57.842Z] [home] Completed: title="海外华人的常用工具箱", popularTools=true, coreCards=3
[2026-05-11T17:05:57.843Z] [tracking] Starting test...
[2026-05-11T17:05:59.679Z] [tracking] Completed: hasResults=true, analytics=1
[2026-05-11T17:05:59.680Z] [shipping-calculator] Starting test...
[2026-05-11T17:06:00.624Z] [shipping-calculator] Completed
[2026-05-11T17:06:00.625Z] [hs-code] Starting test...
[2026-05-11T17:06:07.201Z] [hs-code] CSV download: hs-codes-2026-05-11.csv
[2026-05-11T17:06:07.203Z] [hs-code] Completed: searches=5, analytics=6
[2026-05-11T17:06:07.203Z] [postal-code] Starting test...
[2026-05-11T17:06:11.908Z] [postal-code] Completed
[2026-05-11T17:06:11.910Z] [exchange-rate] Starting test...
[2026-05-11T17:06:15.973Z] [exchange-rate] History chart: data shown
[2026-05-11T17:06:15.974Z] [exchange-rate] Proxy API /api/exchange-rate/history called ✓
[2026-05-11T17:06:16.199Z] [exchange-rate] Completed: disclaimer=true, analytics=1
[2026-05-11T17:06:16.200Z] [starter] Starting test...
[2026-05-11T17:06:16.326Z] [starter] Completed: title="外网新手资源清单", links=32
[2026-05-11T17:06:16.327Z] [memo] Starting test...
[2026-05-11T17:06:19.558Z] [memo] Completed: analytics=2
[2026-05-11T17:06:19.560Z] [resources] Starting test...
[2026-05-11T17:06:24.274Z] [resources] Completed: categories=4, analytics=0
[2026-05-11T17:06:24.275Z] [guides] Starting test...
[2026-05-11T17:06:28.516Z] [guides] Completed
[2026-05-11T17:06:28.516Z] [documents] Starting test...
[2026-05-11T17:06:33.383Z] [documents] Completed: core docs checked
[2026-05-11T17:06:33.386Z] [api-stats] Starting test...
[2026-05-11T17:06:33.407Z] [api-stats] Stats protected (403)
[2026-05-11T17:06:33.408Z] [rate-limit] Starting test...
[2026-05-11T17:06:37.988Z] [rate-limit] Rate limited at request #21
[2026-05-11T17:06:37.989Z] [rate-limit] Rate limiting works
[2026-05-11T17:06:37.990Z] ========== Round 702 COMPLETED ==========
[2026-05-11T17:06:38.029Z] Report saved: round-702.md, round-702.json
[2026-05-11T17:06:38.029Z] Screenshots: /Users/chq/projects/xixiong-saas/reports/browser-qa/2026-05-11/screenshots/
[2026-05-11T17:16:34.743Z] ========== Round 703 START ==========
[2026-05-11T17:16:34.744Z] BASE_URL=http://localhost:3000, HEADLESS=true, MOBILE=1
[2026-05-11T17:16:35.072Z] [home] Starting test...
[2026-05-11T17:16:47.552Z] [home] Completed: title="海外华人的常用工具箱", popularTools=true, coreCards=3
[2026-05-11T17:16:47.553Z] [tracking] Starting test...
[2026-05-11T17:16:49.393Z] [tracking] Completed: hasResults=true, analytics=1
[2026-05-11T17:16:49.394Z] [shipping-calculator] Starting test...
[2026-05-11T17:16:50.354Z] [shipping-calculator] Completed
[2026-05-11T17:16:50.357Z] [hs-code] Starting test...
[2026-05-11T17:16:56.952Z] [hs-code] CSV download: hs-codes-2026-05-11.csv
[2026-05-11T17:16:56.955Z] [hs-code] Completed: searches=5, analytics=6
[2026-05-11T17:16:56.955Z] [postal-code] Starting test...
[2026-05-11T17:17:01.769Z] [postal-code] Completed
[2026-05-11T17:17:01.769Z] [exchange-rate] Starting test...
[2026-05-11T17:17:05.780Z] [exchange-rate] History chart: data shown
[2026-05-11T17:17:05.780Z] [exchange-rate] Proxy API /api/exchange-rate/history called ✓
[2026-05-11T17:17:05.781Z] [exchange-rate] Completed: disclaimer=true, analytics=1
[2026-05-11T17:17:05.782Z] [starter] Starting test...
[2026-05-11T17:17:05.902Z] [starter] Completed: title="外网新手资源清单", links=32
[2026-05-11T17:17:05.902Z] [memo] Starting test...
[2026-05-11T17:17:09.170Z] [memo] Completed: analytics=2
[2026-05-11T17:17:09.173Z] [resources] Starting test...
[2026-05-11T17:17:13.914Z] [resources] Completed: categories=4, analytics=0
[2026-05-11T17:17:13.916Z] [guides] Starting test...
[2026-05-11T17:17:18.172Z] [guides] Completed
[2026-05-11T17:17:18.173Z] [documents] Starting test...
[2026-05-11T17:17:22.928Z] [documents] Completed: core docs checked
[2026-05-11T17:17:22.930Z] [api-stats] Starting test...
[2026-05-11T17:17:22.950Z] [api-stats] Stats protected (403)
[2026-05-11T17:17:22.950Z] [rate-limit] Starting test...
[2026-05-11T17:17:27.534Z] [rate-limit] Rate limited at request #21
[2026-05-11T17:17:27.535Z] [rate-limit] Rate limiting works
[2026-05-11T17:17:27.535Z] ========== Round 703 COMPLETED ==========
[2026-05-11T17:17:27.578Z] Report saved: round-703.md, round-703.json
[2026-05-11T17:17:27.578Z] Screenshots: /Users/chq/projects/xixiong-saas/reports/browser-qa/2026-05-11/screenshots/
[2026-05-11T17:28:19.334Z] ========== Round 704 START ==========
[2026-05-11T17:28:19.335Z] BASE_URL=http://localhost:3000, HEADLESS=true, MOBILE=1
[2026-05-11T17:28:19.453Z] [home] Starting test...
[2026-05-11T17:28:31.870Z] [home] Completed: title="海外华人的常用工具箱", popularTools=true, coreCards=3
[2026-05-11T17:28:31.871Z] [tracking] Starting test...
[2026-05-11T17:28:33.706Z] [tracking] Completed: hasResults=true, analytics=1
[2026-05-11T17:28:33.707Z] [shipping-calculator] Starting test...
[2026-05-11T17:28:34.668Z] [shipping-calculator] Completed
[2026-05-11T17:28:34.670Z] [hs-code] Starting test...
[2026-05-11T17:28:41.258Z] [hs-code] CSV download: hs-codes-2026-05-11.csv
[2026-05-11T17:28:41.260Z] [hs-code] Completed: searches=5, analytics=6
[2026-05-11T17:28:41.260Z] [postal-code] Starting test...
[2026-05-11T17:28:45.988Z] [postal-code] Completed
[2026-05-11T17:28:45.989Z] [exchange-rate] Starting test...
[2026-05-11T17:28:50.039Z] [exchange-rate] History chart: data shown
[2026-05-11T17:28:50.040Z] [exchange-rate] Proxy API /api/exchange-rate/history called ✓
[2026-05-11T17:28:50.043Z] [exchange-rate] Completed: disclaimer=true, analytics=1
[2026-05-11T17:28:50.043Z] [starter] Starting test...
[2026-05-11T17:28:50.172Z] [starter] Completed: title="外网新手资源清单", links=32
[2026-05-11T17:28:50.172Z] [memo] Starting test...
[2026-05-11T17:28:53.406Z] [memo] Completed: analytics=2
[2026-05-11T17:28:53.408Z] [resources] Starting test...
[2026-05-11T17:28:58.131Z] [resources] Completed: categories=4, analytics=0
[2026-05-11T17:28:58.134Z] [guides] Starting test...
[2026-05-11T17:29:02.408Z] [guides] Completed
[2026-05-11T17:29:02.409Z] [documents] Starting test...
[2026-05-11T17:29:07.219Z] [documents] Completed: core docs checked
[2026-05-11T17:29:07.219Z] [api-stats] Starting test...
[2026-05-11T17:29:07.231Z] [api-stats] Stats protected (403)
[2026-05-11T17:29:07.231Z] [rate-limit] Starting test...
[2026-05-11T17:29:11.839Z] [rate-limit] Rate limited at request #21
[2026-05-11T17:29:11.840Z] [rate-limit] Rate limiting works
[2026-05-11T17:29:11.840Z] ========== Round 704 COMPLETED ==========
[2026-05-11T17:29:11.880Z] Report saved: round-704.md, round-704.json
[2026-05-11T17:29:11.880Z] Screenshots: /Users/chq/projects/xixiong-saas/reports/browser-qa/2026-05-11/screenshots/
[2026-05-11T17:32:23.202Z] ========== Round 705 START ==========
[2026-05-11T17:32:23.203Z] BASE_URL=http://localhost:3000, HEADLESS=true, MOBILE=1
[2026-05-11T17:32:23.529Z] [home] Starting test...
[2026-05-11T17:32:36.000Z] [home] Completed: title="海外华人的常用工具箱", popularTools=true, coreCards=3
[2026-05-11T17:32:36.001Z] [tracking] Starting test...
[2026-05-11T17:32:37.827Z] [tracking] Completed: hasResults=true, analytics=1
[2026-05-11T17:32:37.827Z] [shipping-calculator] Starting test...
[2026-05-11T17:32:38.773Z] [shipping-calculator] Completed
[2026-05-11T17:32:38.776Z] [hs-code] Starting test...
[2026-05-11T17:32:45.327Z] [hs-code] CSV download: hs-codes-2026-05-11.csv
[2026-05-11T17:32:45.329Z] [hs-code] Completed: searches=5, analytics=6
[2026-05-11T17:32:45.329Z] [postal-code] Starting test...
[2026-05-11T17:32:49.998Z] [postal-code] Completed
[2026-05-11T17:32:49.999Z] [exchange-rate] Starting test...
[2026-05-11T17:32:54.053Z] [exchange-rate] History chart: data shown
[2026-05-11T17:32:54.054Z] [exchange-rate] Proxy API /api/exchange-rate/history called ✓
[2026-05-11T17:32:54.282Z] [exchange-rate] Completed: disclaimer=true, analytics=1
[2026-05-11T17:32:54.287Z] [starter] Starting test...
[2026-05-11T17:32:54.417Z] [starter] Completed: title="外网新手资源清单", links=32
[2026-05-11T17:32:54.417Z] [memo] Starting test...
[2026-05-11T17:32:57.640Z] [memo] Completed: analytics=2
[2026-05-11T17:32:57.641Z] [resources] Starting test...
[2026-05-11T17:33:02.488Z] [resources] Completed: categories=4, analytics=0
[2026-05-11T17:33:02.490Z] [guides] Starting test...
[2026-05-11T17:33:06.730Z] [guides] Completed
[2026-05-11T17:33:06.731Z] [documents] Starting test...
[2026-05-11T17:33:09.937Z] [documents] Completed: core docs checked
[2026-05-11T17:33:09.939Z] [api-stats] Starting test...
[2026-05-11T17:33:09.958Z] [api-stats] Stats protected (403)
[2026-05-11T17:33:09.959Z] [rate-limit] Starting test...
[2026-05-11T17:33:14.515Z] [rate-limit] Rate limited at request #21
[2026-05-11T17:33:14.516Z] [rate-limit] Rate limiting works
[2026-05-11T17:33:14.517Z] ========== Round 705 COMPLETED ==========
[2026-05-11T17:33:14.555Z] Report saved: round-705.md, round-705.json
[2026-05-11T17:33:14.555Z] Screenshots: /Users/chq/projects/xixiong-saas/reports/browser-qa/2026-05-11/screenshots/
[2026-05-11T17:36:40.760Z] ========== Round 706 START ==========
[2026-05-11T17:36:40.760Z] BASE_URL=http://localhost:3000, HEADLESS=true, MOBILE=1
[2026-05-11T17:36:40.888Z] [home] Starting test...
[2026-05-11T17:36:53.302Z] [home] Completed: title="海外华人的常用工具箱", popularTools=true, coreCards=3
[2026-05-11T17:36:53.303Z] [tracking] Starting test...
[2026-05-11T17:36:55.127Z] [tracking] Completed: hasResults=true, analytics=1
[2026-05-11T17:36:55.128Z] [shipping-calculator] Starting test...
[2026-05-11T17:36:56.097Z] [shipping-calculator] Completed
[2026-05-11T17:36:56.098Z] [hs-code] Starting test...
[2026-05-11T17:37:02.700Z] [hs-code] CSV download: hs-codes-2026-05-11.csv
[2026-05-11T17:37:02.702Z] [hs-code] Completed: searches=5, analytics=6
[2026-05-11T17:37:02.703Z] [postal-code] Starting test...
[2026-05-11T17:37:07.408Z] [postal-code] Completed
[2026-05-11T17:37:07.409Z] [exchange-rate] Starting test...
[2026-05-11T17:37:11.541Z] [exchange-rate] History chart: data shown
[2026-05-11T17:37:11.541Z] [exchange-rate] Proxy API /api/exchange-rate/history called ✓
[2026-05-11T17:37:11.544Z] [exchange-rate] Completed: disclaimer=true, analytics=1
[2026-05-11T17:37:11.545Z] [starter] Starting test...
[2026-05-11T17:37:11.672Z] [starter] Completed: title="外网新手资源清单", links=32
[2026-05-11T17:37:11.672Z] [memo] Starting test...
[2026-05-11T17:37:14.893Z] [memo] Completed: analytics=2
[2026-05-11T17:37:14.896Z] [resources] Starting test...
[2026-05-11T17:37:19.799Z] [resources] Completed: categories=4, analytics=0
[2026-05-11T17:37:19.801Z] [guides] Starting test...
[2026-05-11T17:37:24.074Z] [guides] Completed
[2026-05-11T17:37:24.075Z] [documents] Starting test...
[2026-05-11T17:37:29.080Z] [documents] Completed: core docs checked
[2026-05-11T17:37:29.082Z] [api-stats] Starting test...
[2026-05-11T17:37:29.105Z] [api-stats] Stats protected (403)
[2026-05-11T17:37:29.105Z] [rate-limit] Starting test...
[2026-05-11T17:37:33.843Z] [rate-limit] Rate limited at request #21
[2026-05-11T17:37:33.844Z] [rate-limit] Rate limiting works
[2026-05-11T17:37:33.845Z] ========== Round 706 COMPLETED ==========
[2026-05-11T17:37:33.883Z] Report saved: round-706.md, round-706.json
[2026-05-11T17:37:33.883Z] Screenshots: /Users/chq/projects/xixiong-saas/reports/browser-qa/2026-05-11/screenshots/
[2026-05-11T17:47:11.143Z] ========== Round 707 START ==========
[2026-05-11T17:47:11.144Z] BASE_URL=http://localhost:3000, HEADLESS=true, MOBILE=1
[2026-05-11T17:47:11.405Z] [home] Starting test...
[2026-05-11T17:47:23.796Z] [home] Completed: title="海外华人的常用工具箱", popularTools=true, coreCards=3
[2026-05-11T17:47:23.797Z] [tracking] Starting test...
[2026-05-11T17:47:25.632Z] [tracking] Completed: hasResults=true, analytics=1
[2026-05-11T17:47:25.632Z] [shipping-calculator] Starting test...
[2026-05-11T17:47:26.592Z] [shipping-calculator] Completed
[2026-05-11T17:47:26.593Z] [hs-code] Starting test...
[2026-05-11T17:47:33.144Z] [hs-code] CSV download: hs-codes-2026-05-11.csv
[2026-05-11T17:47:33.145Z] [hs-code] Completed: searches=5, analytics=6
[2026-05-11T17:47:33.146Z] [postal-code] Starting test...
[2026-05-11T17:47:37.847Z] [postal-code] Completed
[2026-05-11T17:47:37.849Z] [exchange-rate] Starting test...
[2026-05-11T17:47:41.893Z] [exchange-rate] History chart: data shown
[2026-05-11T17:47:41.893Z] [exchange-rate] Proxy API /api/exchange-rate/history called ✓
[2026-05-11T17:47:41.894Z] [exchange-rate] Completed: disclaimer=true, analytics=1
[2026-05-11T17:47:41.895Z] [starter] Starting test...
[2026-05-11T17:47:42.021Z] [starter] Completed: title="外网新手资源清单", links=32
[2026-05-11T17:47:42.021Z] [memo] Starting test...
[2026-05-11T17:47:45.260Z] [memo] Completed: analytics=2
[2026-05-11T17:47:45.261Z] [resources] Starting test...
[2026-05-11T17:47:49.990Z] [resources] Completed: categories=4, analytics=0
[2026-05-11T17:47:49.992Z] [guides] Starting test...
[2026-05-11T17:47:54.248Z] [guides] Completed
[2026-05-11T17:47:54.249Z] [documents] Starting test...
[2026-05-11T17:47:58.989Z] [documents] Completed: core docs checked
[2026-05-11T17:47:58.990Z] [api-stats] Starting test...
[2026-05-11T17:47:59.013Z] [api-stats] Stats protected (403)
[2026-05-11T17:47:59.013Z] [rate-limit] Starting test...
[2026-05-11T17:48:03.566Z] [rate-limit] Rate limited at request #21
[2026-05-11T17:48:03.567Z] [rate-limit] Rate limiting works
[2026-05-11T17:48:03.568Z] ========== Round 707 COMPLETED ==========
[2026-05-11T17:48:03.601Z] Report saved: round-707.md, round-707.json
[2026-05-11T17:48:03.601Z] Screenshots: /Users/chq/projects/xixiong-saas/reports/browser-qa/2026-05-11/screenshots/
[2026-05-11T17:52:03.143Z] ========== Round 708 START ==========
[2026-05-11T17:52:03.143Z] BASE_URL=http://localhost:3000, HEADLESS=true, MOBILE=1
[2026-05-11T17:52:03.340Z] [home] Starting test...
[2026-05-11T17:52:15.864Z] [home] Completed: title="海外华人的常用工具箱", popularTools=true, coreCards=3
[2026-05-11T17:52:15.865Z] [tracking] Starting test...
[2026-05-11T17:52:17.717Z] [tracking] Completed: hasResults=true, analytics=1
[2026-05-11T17:52:17.718Z] [shipping-calculator] Starting test...
[2026-05-11T17:52:18.667Z] [shipping-calculator] Completed
[2026-05-11T17:52:18.670Z] [hs-code] Starting test...
[2026-05-11T17:52:25.279Z] [hs-code] CSV download: hs-codes-2026-05-11.csv
[2026-05-11T17:52:25.280Z] [hs-code] Completed: searches=5, analytics=6
[2026-05-11T17:52:25.281Z] [postal-code] Starting test...
[2026-05-11T17:52:29.981Z] [postal-code] Completed
[2026-05-11T17:52:29.982Z] [exchange-rate] Starting test...
[2026-05-11T17:52:34.000Z] [exchange-rate] History chart: data shown
[2026-05-11T17:52:34.000Z] [exchange-rate] Proxy API /api/exchange-rate/history called ✓
[2026-05-11T17:52:34.002Z] [exchange-rate] Completed: disclaimer=true, analytics=1
[2026-05-11T17:52:34.002Z] [starter] Starting test...
[2026-05-11T17:52:34.129Z] [starter] Completed: title="外网新手资源清单", links=32
[2026-05-11T17:52:34.129Z] [memo] Starting test...
[2026-05-11T17:52:37.363Z] [memo] Completed: analytics=2
[2026-05-11T17:52:37.364Z] [resources] Starting test...
[2026-05-11T17:52:42.068Z] [resources] Completed: categories=4, analytics=0
[2026-05-11T17:52:42.069Z] [guides] Starting test...
[2026-05-11T17:52:46.306Z] [guides] Completed
[2026-05-11T17:52:46.307Z] [documents] Starting test...
[2026-05-11T17:52:51.448Z] [documents] Completed: core docs checked
[2026-05-11T17:52:51.449Z] [api-stats] Starting test...
[2026-05-11T17:52:51.471Z] [api-stats] Stats protected (403)
[2026-05-11T17:52:51.472Z] [rate-limit] Starting test...
[2026-05-11T17:52:56.027Z] [rate-limit] Rate limited at request #21
[2026-05-11T17:52:56.027Z] [rate-limit] Rate limiting works
[2026-05-11T17:52:56.028Z] ========== Round 708 COMPLETED ==========
[2026-05-11T17:52:56.067Z] Report saved: round-708.md, round-708.json
[2026-05-11T17:52:56.067Z] Screenshots: /Users/chq/projects/xixiong-saas/reports/browser-qa/2026-05-11/screenshots/
[2026-05-11T17:57:54.733Z] ========== Round 709 START ==========
[2026-05-11T17:57:54.734Z] BASE_URL=http://localhost:3000, HEADLESS=true, MOBILE=1
[2026-05-11T17:57:55.061Z] [home] Starting test...
[2026-05-11T17:58:07.494Z] [home] Completed: title="海外华人的常用工具箱", popularTools=true, coreCards=3
[2026-05-11T17:58:07.495Z] [tracking] Starting test...
[2026-05-11T17:58:09.341Z] [tracking] Completed: hasResults=true, analytics=1
[2026-05-11T17:58:09.342Z] [shipping-calculator] Starting test...
[2026-05-11T17:58:10.298Z] [shipping-calculator] Completed
[2026-05-11T17:58:10.300Z] [hs-code] Starting test...
[2026-05-11T17:58:16.878Z] [hs-code] CSV download: hs-codes-2026-05-11.csv
[2026-05-11T17:58:16.881Z] [hs-code] Completed: searches=5, analytics=6
[2026-05-11T17:58:16.881Z] [postal-code] Starting test...
[2026-05-11T17:58:21.608Z] [postal-code] Completed
[2026-05-11T17:58:21.609Z] [exchange-rate] Starting test...
[2026-05-11T17:58:25.694Z] [exchange-rate] History chart: data shown
[2026-05-11T17:58:25.695Z] [exchange-rate] Proxy API /api/exchange-rate/history called ✓
[2026-05-11T17:58:25.697Z] [exchange-rate] Completed: disclaimer=true, analytics=1
[2026-05-11T17:58:25.697Z] [starter] Starting test...
[2026-05-11T17:58:25.825Z] [starter] Completed: title="外网新手资源清单", links=32
[2026-05-11T17:58:25.826Z] [memo] Starting test...
[2026-05-11T17:58:29.041Z] [memo] Completed: analytics=2
[2026-05-11T17:58:29.043Z] [resources] Starting test...
[2026-05-11T17:58:33.893Z] [resources] Completed: categories=4, analytics=0
[2026-05-11T17:58:33.895Z] [guides] Starting test...
[2026-05-11T17:58:38.177Z] [guides] Completed
[2026-05-11T17:58:38.178Z] [documents] Starting test...
[2026-05-11T17:58:43.092Z] [documents] Completed: core docs checked
[2026-05-11T17:58:43.092Z] [api-stats] Starting test...
[2026-05-11T17:58:43.105Z] [api-stats] Stats protected (403)
[2026-05-11T17:58:43.105Z] [rate-limit] Starting test...
[2026-05-11T17:58:47.668Z] [rate-limit] Rate limited at request #21
[2026-05-11T17:58:47.669Z] [rate-limit] Rate limiting works
[2026-05-11T17:58:47.670Z] ========== Round 709 COMPLETED ==========
[2026-05-11T17:58:47.720Z] Report saved: round-709.md, round-709.json
[2026-05-11T17:58:47.720Z] Screenshots: /Users/chq/projects/xixiong-saas/reports/browser-qa/2026-05-11/screenshots/
[2026-05-11T18:04:46.239Z] ========== Round 710 START ==========
[2026-05-11T18:04:46.239Z] BASE_URL=http://localhost:3000, HEADLESS=true, MOBILE=1
[2026-05-11T18:04:46.567Z] [home] Starting test...
[2026-05-11T18:04:59.041Z] [home] Completed: title="海外华人的常用工具箱", popularTools=true, coreCards=3
[2026-05-11T18:04:59.043Z] [tracking] Starting test...
[2026-05-11T18:05:00.894Z] [tracking] Completed: hasResults=true, analytics=1
[2026-05-11T18:05:00.895Z] [shipping-calculator] Starting test...
[2026-05-11T18:05:01.873Z] [shipping-calculator] Completed
[2026-05-11T18:05:01.875Z] [hs-code] Starting test...
[2026-05-11T18:05:08.471Z] [hs-code] CSV download: hs-codes-2026-05-11.csv
[2026-05-11T18:05:08.472Z] [hs-code] Completed: searches=5, analytics=6
[2026-05-11T18:05:08.473Z] [postal-code] Starting test...
[2026-05-11T18:05:13.218Z] [postal-code] Completed
[2026-05-11T18:05:13.220Z] [exchange-rate] Starting test...
[2026-05-11T18:05:17.233Z] [exchange-rate] History chart: data shown
[2026-05-11T18:05:17.233Z] [exchange-rate] Proxy API /api/exchange-rate/history called ✓
[2026-05-11T18:05:17.236Z] [exchange-rate] Completed: disclaimer=true, analytics=1
[2026-05-11T18:05:17.237Z] [starter] Starting test...
[2026-05-11T18:05:17.366Z] [starter] Completed: title="外网新手资源清单", links=32
[2026-05-11T18:05:17.366Z] [memo] Starting test...
[2026-05-11T18:05:20.604Z] [memo] Completed: analytics=2
[2026-05-11T18:05:20.606Z] [resources] Starting test...
[2026-05-11T18:05:25.388Z] [resources] Completed: categories=4, analytics=0
[2026-05-11T18:05:25.390Z] [guides] Starting test...
[2026-05-11T18:05:29.678Z] [guides] Completed
[2026-05-11T18:05:29.679Z] [documents] Starting test...
[2026-05-11T18:05:34.383Z] [documents] Completed: core docs checked
[2026-05-11T18:05:34.385Z] [api-stats] Starting test...
[2026-05-11T18:05:34.399Z] [api-stats] Stats protected (403)
[2026-05-11T18:05:34.400Z] [rate-limit] Starting test...
[2026-05-11T18:05:40.145Z] [rate-limit] Rate limited at request #21
[2026-05-11T18:05:40.145Z] [rate-limit] Rate limiting works
[2026-05-11T18:05:40.146Z] ========== Round 710 COMPLETED ==========
[2026-05-11T18:05:40.184Z] Report saved: round-710.md, round-710.json
[2026-05-11T18:05:40.184Z] Screenshots: /Users/chq/projects/xixiong-saas/reports/browser-qa/2026-05-11/screenshots/
[2026-05-11T18:10:16.388Z] ========== Round 711 START ==========
[2026-05-11T18:10:16.389Z] BASE_URL=http://localhost:3000, HEADLESS=true, MOBILE=1
[2026-05-11T18:10:16.707Z] [home] Starting test...
[2026-05-11T18:10:29.172Z] [home] Completed: title="海外华人的常用工具箱", popularTools=true, coreCards=3
[2026-05-11T18:10:29.173Z] [tracking] Starting test...
[2026-05-11T18:10:31.010Z] [tracking] Completed: hasResults=true, analytics=1
[2026-05-11T18:10:31.011Z] [shipping-calculator] Starting test...
[2026-05-11T18:10:31.982Z] [shipping-calculator] Completed
[2026-05-11T18:10:31.985Z] [hs-code] Starting test...
[2026-05-11T18:10:38.628Z] [hs-code] CSV download: hs-codes-2026-05-11.csv
[2026-05-11T18:10:38.630Z] [hs-code] Completed: searches=5, analytics=6
[2026-05-11T18:10:38.630Z] [postal-code] Starting test...
[2026-05-11T18:10:43.341Z] [postal-code] Completed
[2026-05-11T18:10:43.341Z] [exchange-rate] Starting test...
[2026-05-11T18:10:47.390Z] [exchange-rate] History chart: data shown
[2026-05-11T18:10:47.390Z] [exchange-rate] Proxy API /api/exchange-rate/history called ✓
[2026-05-11T18:10:47.630Z] [exchange-rate] Completed: disclaimer=true, analytics=1
[2026-05-11T18:10:47.633Z] [starter] Starting test...
[2026-05-11T18:10:47.766Z] [starter] Completed: title="外网新手资源清单", links=32
[2026-05-11T18:10:47.766Z] [memo] Starting test...
[2026-05-11T18:10:50.993Z] [memo] Completed: analytics=2
[2026-05-11T18:10:50.996Z] [resources] Starting test...
[2026-05-11T18:10:55.734Z] [resources] Completed: categories=4, analytics=0
[2026-05-11T18:10:55.735Z] [guides] Starting test...
[2026-05-11T18:10:59.960Z] [guides] Completed
[2026-05-11T18:10:59.962Z] [documents] Starting test...
[2026-05-11T18:11:06.589Z] [documents] Completed: core docs checked
[2026-05-11T18:11:06.591Z] [api-stats] Starting test...
[2026-05-11T18:11:06.610Z] [api-stats] Stats protected (403)
[2026-05-11T18:11:06.610Z] [rate-limit] Starting test...
[2026-05-11T18:11:11.289Z] [rate-limit] Rate limited at request #21
[2026-05-11T18:11:11.290Z] [rate-limit] Rate limiting works
[2026-05-11T18:11:11.290Z] ========== Round 711 COMPLETED ==========
[2026-05-11T18:11:11.329Z] Report saved: round-711.md, round-711.json
[2026-05-11T18:11:11.329Z] Screenshots: /Users/chq/projects/xixiong-saas/reports/browser-qa/2026-05-11/screenshots/
[2026-05-11T18:59:02.035Z] ========== Round 801 START ==========
[2026-05-11T18:59:02.036Z] BASE_URL=http://localhost:3000, HEADLESS=true, MOBILE=1
[2026-05-11T18:59:02.357Z] [home] Starting test...
[2026-05-11T18:59:14.912Z] [home] Completed: title="海外华人的常用工具箱", popularTools=true, coreCards=3
[2026-05-11T18:59:14.913Z] [tracking] Starting test...
[2026-05-11T18:59:16.746Z] [tracking] Completed: hasResults=true, analytics=1
[2026-05-11T18:59:16.747Z] [shipping-calculator] Starting test...
[2026-05-11T18:59:17.717Z] [shipping-calculator] Completed
[2026-05-11T18:59:17.719Z] [hs-code] Starting test...
[2026-05-11T18:59:24.279Z] [hs-code] CSV download: hs-codes-2026-05-11.csv
[2026-05-11T18:59:24.281Z] [hs-code] Completed: searches=5, analytics=6
[2026-05-11T18:59:24.282Z] [postal-code] Starting test...
[2026-05-11T18:59:28.965Z] [postal-code] Completed
[2026-05-11T18:59:28.965Z] [exchange-rate] Starting test...
[2026-05-11T18:59:33.133Z] [exchange-rate] History chart: data shown
[2026-05-11T18:59:33.133Z] [exchange-rate] Proxy API /api/exchange-rate/history called ✓
[2026-05-11T18:59:33.136Z] [exchange-rate] Completed: disclaimer=true, analytics=1
[2026-05-11T18:59:33.137Z] [starter] Starting test...
[2026-05-11T18:59:33.269Z] [starter] Completed: title="外网新手资源清单", links=32
[2026-05-11T18:59:33.269Z] [memo] Starting test...
[2026-05-11T18:59:36.483Z] [memo] Completed: analytics=2
[2026-05-11T18:59:36.484Z] [resources] Starting test...
[2026-05-11T18:59:41.184Z] [resources] Completed: categories=4, analytics=0
[2026-05-11T18:59:41.185Z] [guides] Starting test...
[2026-05-11T18:59:45.441Z] [guides] Completed
[2026-05-11T18:59:45.442Z] [documents] Starting test...
[2026-05-11T18:59:52.193Z] [documents] Completed: core docs checked
[2026-05-11T18:59:52.196Z] [label-maker] Starting test...
[2026-05-11T18:59:55.806Z] [label-maker] Completed: templates checked
[2026-05-11T18:59:55.808Z] [api-stats] Starting test...
[2026-05-11T18:59:55.830Z] [api-stats] Stats protected (403)
[2026-05-11T18:59:55.831Z] [rate-limit] Starting test...
[2026-05-11T19:00:00.399Z] [rate-limit] Rate limited at request #21
[2026-05-11T19:00:00.399Z] [rate-limit] Rate limiting works
[2026-05-11T19:00:00.400Z] ========== Round 801 COMPLETED ==========
[2026-05-11T19:00:00.431Z] Report saved: round-801.md, round-801.json
[2026-05-11T19:00:00.431Z] Screenshots: /Users/chq/projects/xixiong-saas/reports/browser-qa/2026-05-11/screenshots/
